[debug] [2018-09-18T18:18:49.364Z] ----------------------------------------------------------------------
[debug] [2018-09-18T18:18:49.369Z] Command:       C:\Program Files\nodejs\node.exe C:\Users\josep\AppData\Roaming\npm\node_modules\firebase-tools\bin\firebase serve
[debug] [2018-09-18T18:18:49.370Z] CLI Version:   4.2.1
[debug] [2018-09-18T18:18:49.370Z] Platform:      win32
[debug] [2018-09-18T18:18:49.370Z] Node Version:  v8.12.0
[debug] [2018-09-18T18:18:49.371Z] Time:          Tue Sep 18 2018 14:18:49 GMT-0400 (Eastern Daylight Time)
[debug] [2018-09-18T18:18:49.371Z] ----------------------------------------------------------------------
[debug] 
[debug] [2018-09-18T18:18:49.408Z] > command requires scopes: ["email","openid","https://www.googleapis.com/auth/cloudplatformprojects.readonly","https://www.googleapis.com/auth/firebase","https://www.googleapis.com/auth/cloud-platform"]
[debug] [2018-09-18T18:18:49.409Z] > authorizing via signed-in user
[debug] [2018-09-18T18:18:49.415Z] >>> HTTP REQUEST GET https://admin.firebase.com/v1/projects/league-of-coders-e5791  
 
[debug] [2018-09-18T18:18:52.265Z] <<< HTTP RESPONSE 200
[debug] [2018-09-18T18:18:52.270Z] >>> HTTP REQUEST GET https://cloudresourcemanager.googleapis.com/v1/projects/league-of-coders-e5791  
 
[debug] [2018-09-18T18:18:56.248Z] <<< HTTP RESPONSE 200
[info] 
[info] === Serving from 'D:\Data\HTML\loc'...
[info] 
[info] i  functions: Preparing to emulate functions.
[debug] [2018-09-18T18:18:57.527Z] Fetching environment
[debug] [2018-09-18T18:18:57.528Z] >>> HTTP REQUEST GET https://mobilesdk-pa.googleapis.com/v1/projects/255580937277:getServerAppConfig  
 
[debug] [2018-09-18T18:18:57.528Z] >>> HTTP REQUEST GET https://mobilesdk-pa.googleapis.com/v1/projects/255580937277/clients/_:getWebAppConfig  
 
[debug] [2018-09-18T18:18:59.412Z] <<< HTTP RESPONSE 200
[debug] [2018-09-18T18:18:59.437Z] <<< HTTP RESPONSE 200
[debug] [2018-09-18T18:18:59.437Z] Starting @google-cloud/functions-emulator
[info] i  hosting[league-of-coders-e5791]: Serving hosting files from: loc
[info] +  hosting[league-of-coders-e5791]: Local server: http://localhost:5000
[debug] [2018-09-18T18:19:05.311Z] Parsing function triggers
[info] +  functions: bigben: http://localhost:5001/league-of-coders-e5791/us-central1/bigben
