[debug] [2018-09-18T15:39:21.749Z] ----------------------------------------------------------------------
[debug] [2018-09-18T15:39:21.749Z] Command:       C:\Program Files\nodejs\node.exe C:\Users\josep\AppData\Roaming\npm\node_modules\firebase-tools\bin\firebase serve
[debug] [2018-09-18T15:39:21.749Z] CLI Version:   4.2.1
[debug] [2018-09-18T15:39:21.749Z] Platform:      win32
[debug] [2018-09-18T15:39:21.749Z] Node Version:  v8.12.0
[debug] [2018-09-18T15:39:21.749Z] Time:          Tue Sep 18 2018 11:39:21 GMT-0400 (Eastern Daylight Time)
[debug] [2018-09-18T15:39:21.749Z] ----------------------------------------------------------------------
[debug] 
[debug] [2018-09-18T15:39:21.762Z] > command requires scopes: ["email","openid","https://www.googleapis.com/auth/cloudplatformprojects.readonly","https://www.googleapis.com/auth/firebase","https://www.googleapis.com/auth/cloud-platform"]
[debug] [2018-09-18T15:39:21.762Z] > authorizing via signed-in user
[debug] [2018-09-18T15:39:21.769Z] >>> HTTP REQUEST GET https://admin.firebase.com/v1/projects/league-of-coders-e5791  
 
[debug] [2018-09-18T15:39:22.199Z] <<< HTTP RESPONSE 200
[debug] [2018-09-18T15:39:22.199Z] >>> HTTP REQUEST GET https://cloudresourcemanager.googleapis.com/v1/projects/league-of-coders-e5791  
 
[debug] [2018-09-18T15:39:24.199Z] <<< HTTP RESPONSE 200
[info] 
[info] === Serving from 'D:\Data\HTML\loc'...
[info] 
[debug] [2018-09-18T15:39:25.218Z] TypeError: Path must be a string. Received undefined
    at assertPath (path.js:28:11)
    at Object.join (path.js:489:7)
    at FunctionsEmulator.start (C:\Users\josep\AppData\Roaming\npm\node_modules\firebase-tools\lib\functionsEmulator.js:95:27)
    at Object.start (C:\Users\josep\AppData\Roaming\npm\node_modules\firebase-tools\lib\serve\functions.js:9:29)
    at C:\Users\josep\AppData\Roaming\npm\node_modules\firebase-tools\lib\serve\index.js:17:21
    at arrayMap (C:\Users\josep\AppData\Roaming\npm\node_modules\firebase-tools\node_modules\lodash\lodash.js:639:23)
    at Function.map (C:\Users\josep\AppData\Roaming\npm\node_modules\firebase-tools\node_modules\lodash\lodash.js:9556:14)
    at _serve (C:\Users\josep\AppData\Roaming\npm\node_modules\firebase-tools\lib\serve\index.js:15:7)
    at Command._action (C:\Users\josep\AppData\Roaming\npm\node_modules\firebase-tools\commands\serve.js:48:12)
    at C:\Users\josep\AppData\Roaming\npm\node_modules\firebase-tools\lib\command.js:202:29
[error] 
[error] Error: An unexpected error has occurred.
[debug] [2018-09-18T15:39:35.293Z] ----------------------------------------------------------------------
[debug] [2018-09-18T15:39:35.293Z] Command:       C:\Program Files\nodejs\node.exe C:\Users\josep\AppData\Roaming\npm\node_modules\firebase-tools\bin\firebase serve
[debug] [2018-09-18T15:39:35.293Z] CLI Version:   4.2.1
[debug] [2018-09-18T15:39:35.293Z] Platform:      win32
[debug] [2018-09-18T15:39:35.293Z] Node Version:  v8.12.0
[debug] [2018-09-18T15:39:35.300Z] Time:          Tue Sep 18 2018 11:39:35 GMT-0400 (Eastern Daylight Time)
[debug] [2018-09-18T15:39:35.300Z] ----------------------------------------------------------------------
[debug] 
[debug] [2018-09-18T15:39:35.313Z] > command requires scopes: ["email","openid","https://www.googleapis.com/auth/cloudplatformprojects.readonly","https://www.googleapis.com/auth/firebase","https://www.googleapis.com/auth/cloud-platform"]
[debug] [2018-09-18T15:39:35.313Z] > authorizing via signed-in user
[debug] [2018-09-18T15:39:35.319Z] >>> HTTP REQUEST GET https://admin.firebase.com/v1/projects/league-of-coders-e5791  
 
[debug] [2018-09-18T15:39:35.954Z] <<< HTTP RESPONSE 200
[debug] [2018-09-18T15:39:35.960Z] >>> HTTP REQUEST GET https://cloudresourcemanager.googleapis.com/v1/projects/league-of-coders-e5791  
 
[debug] [2018-09-18T15:39:36.630Z] <<< HTTP RESPONSE 200
[info] 
[info] === Serving from 'D:\Data\HTML\loc'...
[info] 
[debug] [2018-09-18T15:39:37.122Z] TypeError: Path must be a string. Received undefined
    at assertPath (path.js:28:11)
    at Object.join (path.js:489:7)
    at FunctionsEmulator.start (C:\Users\josep\AppData\Roaming\npm\node_modules\firebase-tools\lib\functionsEmulator.js:95:27)
    at Object.start (C:\Users\josep\AppData\Roaming\npm\node_modules\firebase-tools\lib\serve\functions.js:9:29)
    at C:\Users\josep\AppData\Roaming\npm\node_modules\firebase-tools\lib\serve\index.js:17:21
    at arrayMap (C:\Users\josep\AppData\Roaming\npm\node_modules\firebase-tools\node_modules\lodash\lodash.js:639:23)
    at Function.map (C:\Users\josep\AppData\Roaming\npm\node_modules\firebase-tools\node_modules\lodash\lodash.js:9556:14)
    at _serve (C:\Users\josep\AppData\Roaming\npm\node_modules\firebase-tools\lib\serve\index.js:15:7)
    at Command._action (C:\Users\josep\AppData\Roaming\npm\node_modules\firebase-tools\commands\serve.js:48:12)
    at C:\Users\josep\AppData\Roaming\npm\node_modules\firebase-tools\lib\command.js:202:29
[error] 
[error] Error: An unexpected error has occurred.
[debug] [2018-09-18T15:42:13.224Z] ----------------------------------------------------------------------
[debug] [2018-09-18T15:42:13.232Z] Command:       C:\Program Files\nodejs\node.exe C:\Users\josep\AppData\Roaming\npm\node_modules\firebase-tools\bin\firebase serve
[debug] [2018-09-18T15:42:13.232Z] CLI Version:   4.2.1
[debug] [2018-09-18T15:42:13.232Z] Platform:      win32
[debug] [2018-09-18T15:42:13.232Z] Node Version:  v8.12.0
[debug] [2018-09-18T15:42:13.234Z] Time:          Tue Sep 18 2018 11:42:13 GMT-0400 (Eastern Daylight Time)
[debug] [2018-09-18T15:42:13.234Z] ----------------------------------------------------------------------
[debug] 
[debug] [2018-09-18T15:42:13.251Z] > command requires scopes: ["email","openid","https://www.googleapis.com/auth/cloudplatformprojects.readonly","https://www.googleapis.com/auth/firebase","https://www.googleapis.com/auth/cloud-platform"]
[debug] [2018-09-18T15:42:13.253Z] > authorizing via signed-in user
[debug] [2018-09-18T15:42:13.253Z] >>> HTTP REQUEST GET https://admin.firebase.com/v1/projects/league-of-coders-e5791  
 
[debug] [2018-09-18T15:42:13.603Z] <<< HTTP RESPONSE 200
[debug] [2018-09-18T15:42:13.603Z] >>> HTTP REQUEST GET https://cloudresourcemanager.googleapis.com/v1/projects/league-of-coders-e5791  
 
[debug] [2018-09-18T15:42:13.970Z] <<< HTTP RESPONSE 200
[info] 
[info] === Serving from 'D:\Data\HTML\loc'...
[info] 
[debug] [2018-09-18T15:42:15.769Z] TypeError: Path must be a string. Received undefined
    at assertPath (path.js:28:11)
    at Object.join (path.js:489:7)
    at FunctionsEmulator.start (C:\Users\josep\AppData\Roaming\npm\node_modules\firebase-tools\lib\functionsEmulator.js:95:27)
    at Object.start (C:\Users\josep\AppData\Roaming\npm\node_modules\firebase-tools\lib\serve\functions.js:9:29)
    at C:\Users\josep\AppData\Roaming\npm\node_modules\firebase-tools\lib\serve\index.js:17:21
    at arrayMap (C:\Users\josep\AppData\Roaming\npm\node_modules\firebase-tools\node_modules\lodash\lodash.js:639:23)
    at Function.map (C:\Users\josep\AppData\Roaming\npm\node_modules\firebase-tools\node_modules\lodash\lodash.js:9556:14)
    at _serve (C:\Users\josep\AppData\Roaming\npm\node_modules\firebase-tools\lib\serve\index.js:15:7)
    at Command._action (C:\Users\josep\AppData\Roaming\npm\node_modules\firebase-tools\commands\serve.js:48:12)
    at C:\Users\josep\AppData\Roaming\npm\node_modules\firebase-tools\lib\command.js:202:29
[error] 
[error] Error: An unexpected error has occurred.
[debug] [2018-09-18T15:43:02.133Z] ----------------------------------------------------------------------
[debug] [2018-09-18T15:43:02.139Z] Command:       C:\Program Files\nodejs\node.exe C:\Users\josep\AppData\Roaming\npm\node_modules\firebase-tools\bin\firebase serve
[debug] [2018-09-18T15:43:02.139Z] CLI Version:   4.2.1
[debug] [2018-09-18T15:43:02.139Z] Platform:      win32
[debug] [2018-09-18T15:43:02.139Z] Node Version:  v8.12.0
[debug] [2018-09-18T15:43:02.141Z] Time:          Tue Sep 18 2018 11:43:02 GMT-0400 (Eastern Daylight Time)
[debug] [2018-09-18T15:43:02.141Z] ----------------------------------------------------------------------
[debug] 
[debug] [2018-09-18T15:43:02.149Z] > command requires scopes: ["email","openid","https://www.googleapis.com/auth/cloudplatformprojects.readonly","https://www.googleapis.com/auth/firebase","https://www.googleapis.com/auth/cloud-platform"]
[debug] [2018-09-18T15:43:02.149Z] > authorizing via signed-in user
[debug] [2018-09-18T15:43:02.149Z] >>> HTTP REQUEST GET https://admin.firebase.com/v1/projects/league-of-coders-e5791  
 
[debug] [2018-09-18T15:43:02.499Z] <<< HTTP RESPONSE 200
[debug] [2018-09-18T15:43:02.510Z] >>> HTTP REQUEST GET https://cloudresourcemanager.googleapis.com/v1/projects/league-of-coders-e5791  
 
[debug] [2018-09-18T15:43:03.148Z] <<< HTTP RESPONSE 200
[info] 
[info] === Serving from 'D:\Data\HTML\loc'...
[info] 
[debug] [2018-09-18T15:43:03.448Z] TypeError: Path must be a string. Received undefined
    at assertPath (path.js:28:11)
    at Object.join (path.js:489:7)
    at FunctionsEmulator.start (C:\Users\josep\AppData\Roaming\npm\node_modules\firebase-tools\lib\functionsEmulator.js:95:27)
    at Object.start (C:\Users\josep\AppData\Roaming\npm\node_modules\firebase-tools\lib\serve\functions.js:9:29)
    at C:\Users\josep\AppData\Roaming\npm\node_modules\firebase-tools\lib\serve\index.js:17:21
    at arrayMap (C:\Users\josep\AppData\Roaming\npm\node_modules\firebase-tools\node_modules\lodash\lodash.js:639:23)
    at Function.map (C:\Users\josep\AppData\Roaming\npm\node_modules\firebase-tools\node_modules\lodash\lodash.js:9556:14)
    at _serve (C:\Users\josep\AppData\Roaming\npm\node_modules\firebase-tools\lib\serve\index.js:15:7)
    at Command._action (C:\Users\josep\AppData\Roaming\npm\node_modules\firebase-tools\commands\serve.js:48:12)
    at C:\Users\josep\AppData\Roaming\npm\node_modules\firebase-tools\lib\command.js:202:29
[error] 
[error] Error: An unexpected error has occurred.
[debug] [2018-09-18T15:43:13.548Z] ----------------------------------------------------------------------
[debug] [2018-09-18T15:43:13.562Z] Command:       C:\Program Files\nodejs\node.exe C:\Users\josep\AppData\Roaming\npm\node_modules\firebase-tools\bin\firebase serve
[debug] [2018-09-18T15:43:13.562Z] CLI Version:   4.2.1
[debug] [2018-09-18T15:43:13.562Z] Platform:      win32
[debug] [2018-09-18T15:43:13.562Z] Node Version:  v8.12.0
[debug] [2018-09-18T15:43:13.562Z] Time:          Tue Sep 18 2018 11:43:13 GMT-0400 (Eastern Daylight Time)
[debug] [2018-09-18T15:43:13.562Z] ----------------------------------------------------------------------
[debug] 
[debug] [2018-09-18T15:43:13.579Z] > command requires scopes: ["email","openid","https://www.googleapis.com/auth/cloudplatformprojects.readonly","https://www.googleapis.com/auth/firebase","https://www.googleapis.com/auth/cloud-platform"]
[debug] [2018-09-18T15:43:13.579Z] > authorizing via signed-in user
[debug] [2018-09-18T15:43:13.583Z] >>> HTTP REQUEST GET https://admin.firebase.com/v1/projects/league-of-coders-e5791  
 
[debug] [2018-09-18T15:43:13.902Z] <<< HTTP RESPONSE 200
[debug] [2018-09-18T15:43:13.902Z] >>> HTTP REQUEST GET https://cloudresourcemanager.googleapis.com/v1/projects/league-of-coders-e5791  
 
[debug] [2018-09-18T15:43:14.893Z] <<< HTTP RESPONSE 200
[info] 
[info] === Serving from 'D:\Data\HTML\loc'...
[info] 
[debug] [2018-09-18T15:43:16.258Z] TypeError: Path must be a string. Received undefined
    at assertPath (path.js:28:11)
    at Object.join (path.js:489:7)
    at FunctionsEmulator.start (C:\Users\josep\AppData\Roaming\npm\node_modules\firebase-tools\lib\functionsEmulator.js:95:27)
    at Object.start (C:\Users\josep\AppData\Roaming\npm\node_modules\firebase-tools\lib\serve\functions.js:9:29)
    at C:\Users\josep\AppData\Roaming\npm\node_modules\firebase-tools\lib\serve\index.js:17:21
    at arrayMap (C:\Users\josep\AppData\Roaming\npm\node_modules\firebase-tools\node_modules\lodash\lodash.js:639:23)
    at Function.map (C:\Users\josep\AppData\Roaming\npm\node_modules\firebase-tools\node_modules\lodash\lodash.js:9556:14)
    at _serve (C:\Users\josep\AppData\Roaming\npm\node_modules\firebase-tools\lib\serve\index.js:15:7)
    at Command._action (C:\Users\josep\AppData\Roaming\npm\node_modules\firebase-tools\commands\serve.js:48:12)
    at C:\Users\josep\AppData\Roaming\npm\node_modules\firebase-tools\lib\command.js:202:29
[error] 
[error] Error: An unexpected error has occurred.
[debug] [2018-09-18T15:43:34.669Z] ----------------------------------------------------------------------
[debug] [2018-09-18T15:43:34.669Z] Command:       C:\Program Files\nodejs\node.exe C:\Users\josep\AppData\Roaming\npm\node_modules\firebase-tools\bin\firebase serve
[debug] [2018-09-18T15:43:34.669Z] CLI Version:   4.2.1
[debug] [2018-09-18T15:43:34.669Z] Platform:      win32
[debug] [2018-09-18T15:43:34.669Z] Node Version:  v8.12.0
[debug] [2018-09-18T15:43:34.669Z] Time:          Tue Sep 18 2018 11:43:34 GMT-0400 (Eastern Daylight Time)
[debug] [2018-09-18T15:43:34.669Z] ----------------------------------------------------------------------
[debug] 
[debug] [2018-09-18T15:43:34.690Z] > command requires scopes: ["email","openid","https://www.googleapis.com/auth/cloudplatformprojects.readonly","https://www.googleapis.com/auth/firebase","https://www.googleapis.com/auth/cloud-platform"]
[debug] [2018-09-18T15:43:34.690Z] > authorizing via signed-in user
[debug] [2018-09-18T15:43:34.693Z] >>> HTTP REQUEST GET https://admin.firebase.com/v1/projects/league-of-coders-e5791  
 
[debug] [2018-09-18T15:43:34.997Z] <<< HTTP RESPONSE 200
[debug] [2018-09-18T15:43:35.002Z] >>> HTTP REQUEST GET https://cloudresourcemanager.googleapis.com/v1/projects/league-of-coders-e5791  
 
[debug] [2018-09-18T15:43:35.299Z] <<< HTTP RESPONSE 200
[info] 
[info] === Serving from 'D:\Data\HTML\loc'...
[info] 
[debug] [2018-09-18T15:43:35.539Z] TypeError: Path must be a string. Received undefined
    at assertPath (path.js:28:11)
    at Object.join (path.js:489:7)
    at FunctionsEmulator.start (C:\Users\josep\AppData\Roaming\npm\node_modules\firebase-tools\lib\functionsEmulator.js:95:27)
    at Object.start (C:\Users\josep\AppData\Roaming\npm\node_modules\firebase-tools\lib\serve\functions.js:9:29)
    at C:\Users\josep\AppData\Roaming\npm\node_modules\firebase-tools\lib\serve\index.js:17:21
    at arrayMap (C:\Users\josep\AppData\Roaming\npm\node_modules\firebase-tools\node_modules\lodash\lodash.js:639:23)
    at Function.map (C:\Users\josep\AppData\Roaming\npm\node_modules\firebase-tools\node_modules\lodash\lodash.js:9556:14)
    at _serve (C:\Users\josep\AppData\Roaming\npm\node_modules\firebase-tools\lib\serve\index.js:15:7)
    at Command._action (C:\Users\josep\AppData\Roaming\npm\node_modules\firebase-tools\commands\serve.js:48:12)
    at C:\Users\josep\AppData\Roaming\npm\node_modules\firebase-tools\lib\command.js:202:29
[error] 
[error] Error: An unexpected error has occurred.
[debug] [2018-09-18T15:43:39.739Z] ----------------------------------------------------------------------
[debug] [2018-09-18T15:43:39.739Z] Command:       C:\Program Files\nodejs\node.exe C:\Users\josep\AppData\Roaming\npm\node_modules\firebase-tools\bin\firebase serve
[debug] [2018-09-18T15:43:39.739Z] CLI Version:   4.2.1
[debug] [2018-09-18T15:43:39.739Z] Platform:      win32
[debug] [2018-09-18T15:43:39.739Z] Node Version:  v8.12.0
[debug] [2018-09-18T15:43:39.739Z] Time:          Tue Sep 18 2018 11:43:39 GMT-0400 (Eastern Daylight Time)
[debug] [2018-09-18T15:43:39.739Z] ----------------------------------------------------------------------
[debug] 
[debug] [2018-09-18T15:43:39.753Z] > command requires scopes: ["email","openid","https://www.googleapis.com/auth/cloudplatformprojects.readonly","https://www.googleapis.com/auth/firebase","https://www.googleapis.com/auth/cloud-platform"]
[debug] [2018-09-18T15:43:39.759Z] > authorizing via signed-in user
[debug] [2018-09-18T15:43:39.759Z] >>> HTTP REQUEST GET https://admin.firebase.com/v1/projects/league-of-coders-e5791  
 
[debug] [2018-09-18T15:43:40.619Z] <<< HTTP RESPONSE 200
[debug] [2018-09-18T15:43:40.622Z] >>> HTTP REQUEST GET https://cloudresourcemanager.googleapis.com/v1/projects/league-of-coders-e5791  
 
[debug] [2018-09-18T15:43:40.999Z] <<< HTTP RESPONSE 200
[info] 
[info] === Serving from 'D:\Data\HTML\loc'...
[info] 
[debug] [2018-09-18T15:43:41.239Z] TypeError: Path must be a string. Received undefined
    at assertPath (path.js:28:11)
    at Object.join (path.js:489:7)
    at FunctionsEmulator.start (C:\Users\josep\AppData\Roaming\npm\node_modules\firebase-tools\lib\functionsEmulator.js:95:27)
    at Object.start (C:\Users\josep\AppData\Roaming\npm\node_modules\firebase-tools\lib\serve\functions.js:9:29)
    at C:\Users\josep\AppData\Roaming\npm\node_modules\firebase-tools\lib\serve\index.js:17:21
    at arrayMap (C:\Users\josep\AppData\Roaming\npm\node_modules\firebase-tools\node_modules\lodash\lodash.js:639:23)
    at Function.map (C:\Users\josep\AppData\Roaming\npm\node_modules\firebase-tools\node_modules\lodash\lodash.js:9556:14)
    at _serve (C:\Users\josep\AppData\Roaming\npm\node_modules\firebase-tools\lib\serve\index.js:15:7)
    at Command._action (C:\Users\josep\AppData\Roaming\npm\node_modules\firebase-tools\commands\serve.js:48:12)
    at C:\Users\josep\AppData\Roaming\npm\node_modules\firebase-tools\lib\command.js:202:29
[error] 
[error] Error: An unexpected error has occurred.
